  Determining projects to restore...
  Nothing to do. None of the projects specified contain packages to restore.
CSC : error CS5001: Program does not contain a static 'Main' method suitable for an entry point [c:\Users\ma516\OneDrive\Desktop\Pharma\PharmaBilling.csproj]
c:\Users\ma516\OneDrive\Desktop\Pharma\MainWindow.xaml.cs(13,13): error CS0103: The name 'InitializeComponent' does not exist in the current context [c:\Users\ma516\OneDrive\Desktop\Pharma\PharmaBilling.csproj]
c:\Users\ma516\OneDrive\Desktop\Pharma\Source\Views\AddMedicineWindow.xaml.cs(15,13): error CS0103: The name 'InitializeComponent' does not exist in the current context [c:\Users\ma516\OneDrive\Desktop\Pharma\PharmaBilling.csproj]
c:\Users\ma516\OneDrive\Desktop\Pharma\Source\Views\DashboardWindow.xaml.cs(10,13): error CS0103: The name 'InitializeComponent' does not exist in the current context [c:\Users\ma516\OneDrive\Desktop\Pharma\PharmaBilling.csproj]
c:\Users\ma516\OneDrive\Desktop\Pharma\Source\Views\LoginWindow.xaml.cs(12,13): error CS0103: The name 'InitializeComponent' does not exist in the current context [c:\Users\ma516\OneDrive\Desktop\Pharma\PharmaBilling.csproj]
c:\Users\ma516\OneDrive\Desktop\Pharma\Source\Views\MedicineWindow.xaml.cs(14,13): error CS0103: The name 'InitializeComponent' does not exist in the current context [c:\Users\ma516\OneDrive\Desktop\Pharma\PharmaBilling.csproj]
c:\Users\ma516\OneDrive\Desktop\Pharma\Source\Views\SearchMedicineWindow.xaml.cs(18,13): error CS0103: The name 'InitializeComponent' does not exist in the current context [c:\Users\ma516\OneDrive\Desktop\Pharma\PharmaBilling.csproj]
c:\Users\ma516\OneDrive\Desktop\Pharma\Source\Views\SearchMedicineWindow.xaml.cs(20,13): error CS0103: The name 'dgMedicines' does not exist in the current context [c:\Users\ma516\OneDrive\Desktop\Pharma\PharmaBilling.csproj]
c:\Users\ma516\OneDrive\Desktop\Pharma\Source\Views\SearchMedicineWindow.xaml.cs(21,13): error CS0103: The name 'txtSearch' does not exist in the current context [c:\Users\ma516\OneDrive\Desktop\Pharma\PharmaBilling.csproj]
c:\Users\ma516\OneDrive\Desktop\Pharma\Source\Views\InvoiceWindow.xaml.cs(16,17): error CS0103: The name 'InitializeComponent' does not exist in the current context [c:\Users\ma516\OneDrive\Desktop\Pharma\PharmaBilling.csproj]
c:\Users\ma516\OneDrive\Desktop\Pharma\Source\Views\InvoiceWindow.xaml.cs(18,17): error CS0103: The name 'lblCustomerName' does not exist in the current context [c:\Users\ma516\OneDrive\Desktop\Pharma\PharmaBilling.csproj]
c:\Users\ma516\OneDrive\Desktop\Pharma\Source\Views\InvoiceWindow.xaml.cs(19,17): error CS0103: The name 'lblContact' does not exist in the current context [c:\Users\ma516\OneDrive\Desktop\Pharma\PharmaBilling.csproj]
c:\Users\ma516\OneDrive\Desktop\Pharma\Source\Views\InvoiceWindow.xaml.cs(20,17): error CS0103: The name 'lblInvoiceDate' does not exist in the current context [c:\Users\ma516\OneDrive\Desktop\Pharma\PharmaBilling.csproj]
c:\Users\ma516\OneDrive\Desktop\Pharma\Source\Views\InvoiceWindow.xaml.cs(21,17): error CS0103: The name 'lblInvoiceID' does not exist in the current context [c:\Users\ma516\OneDrive\Desktop\Pharma\PharmaBilling.csproj]
c:\Users\ma516\OneDrive\Desktop\Pharma\Source\Views\InvoiceWindow.xaml.cs(23,17): error CS0103: The name 'dgItems' does not exist in the current context [c:\Users\ma516\OneDrive\Desktop\Pharma\PharmaBilling.csproj]
c:\Users\ma516\OneDrive\Desktop\Pharma\Source\Views\InvoiceWindow.xaml.cs(25,17): error CS0103: The name 'lblGrossTotal' does not exist in the current context [c:\Users\ma516\OneDrive\Desktop\Pharma\PharmaBilling.csproj]
c:\Users\ma516\OneDrive\Desktop\Pharma\Source\Views\InvoiceWindow.xaml.cs(26,17): error CS0103: The name 'lblDiscount' does not exist in the current context [c:\Users\ma516\OneDrive\Desktop\Pharma\PharmaBilling.csproj]
c:\Users\ma516\OneDrive\Desktop\Pharma\Source\Views\InvoiceWindow.xaml.cs(27,17): error CS0103: The name 'lblGrandTotal' does not exist in the current context [c:\Users\ma516\OneDrive\Desktop\Pharma\PharmaBilling.csproj]
c:\Users\ma516\OneDrive\Desktop\Pharma\Source\Views\LoginWindow.xaml.cs(19,31): error CS0103: The name 'txtUsername' does not exist in the current context [c:\Users\ma516\OneDrive\Desktop\Pharma\PharmaBilling.csproj]
c:\Users\ma516\OneDrive\Desktop\Pharma\Source\Views\LoginWindow.xaml.cs(20,31): error CS0103: The name 'txtPassword' does not exist in the current context [c:\Users\ma516\OneDrive\Desktop\Pharma\PharmaBilling.csproj]
c:\Users\ma516\OneDrive\Desktop\Pharma\Source\Views\CustomerWindow.xaml.cs(9,13): error CS0103: The name 'InitializeComponent' does not exist in the current context [c:\Users\ma516\OneDrive\Desktop\Pharma\PharmaBilling.csproj]
c:\Users\ma516\OneDrive\Desktop\Pharma\Source\Views\AccountingWindow.xaml.cs(11,13): error CS0103: The name 'InitializeComponent' does not exist in the current context [c:\Users\ma516\OneDrive\Desktop\Pharma\PharmaBilling.csproj]
c:\Users\ma516\OneDrive\Desktop\Pharma\Source\Views\AccountingWindow.xaml.cs(13,13): error CS0103: The name 'accountingGrid' does not exist in the current context [c:\Users\ma516\OneDrive\Desktop\Pharma\PharmaBilling.csproj]
c:\Users\ma516\OneDrive\Desktop\Pharma\Source\Views\ReportWindow.xaml.cs(12,13): error CS0103: The name 'InitializeComponent' does not exist in the current context [c:\Users\ma516\OneDrive\Desktop\Pharma\PharmaBilling.csproj]
c:\Users\ma516\OneDrive\Desktop\Pharma\Source\Views\ChangePasswordWindow.xaml.cs(14,13): error CS0103: The name 'InitializeComponent' does not exist in the current context [c:\Users\ma516\OneDrive\Desktop\Pharma\PharmaBilling.csproj]
c:\Users\ma516\OneDrive\Desktop\Pharma\Source\Views\PurchaseWindow.xaml.cs(9,13): error CS0103: The name 'InitializeComponent' does not exist in the current context [c:\Users\ma516\OneDrive\Desktop\Pharma\PharmaBilling.csproj]
c:\Users\ma516\OneDrive\Desktop\Pharma\Source\Views\ReportWindow.xaml.cs(18,13): error CS0103: The name 'reportTitle' does not exist in the current context [c:\Users\ma516\OneDrive\Desktop\Pharma\PharmaBilling.csproj]
c:\Users\ma516\OneDrive\Desktop\Pharma\Source\Views\ReportWindow.xaml.cs(19,13): error CS0103: The name 'reportGrid' does not exist in the current context [c:\Users\ma516\OneDrive\Desktop\Pharma\PharmaBilling.csproj]
c:\Users\ma516\OneDrive\Desktop\Pharma\Source\Views\DashboardWindow.xaml.cs(17,21): error CS0103: The name 'sideMenu' does not exist in the current context [c:\Users\ma516\OneDrive\Desktop\Pharma\PharmaBilling.csproj]
c:\Users\ma516\OneDrive\Desktop\Pharma\Source\Views\DashboardWindow.xaml.cs(17,41): error CS0103: The name 'sideMenu' does not exist in the current context [c:\Users\ma516\OneDrive\Desktop\Pharma\PharmaBilling.csproj]
c:\Users\ma516\OneDrive\Desktop\Pharma\Source\Views\DashboardWindow.xaml.cs(19,28): error CS0103: The name 'sideMenu' does not exist in the current context [c:\Users\ma516\OneDrive\Desktop\Pharma\PharmaBilling.csproj]
c:\Users\ma516\OneDrive\Desktop\Pharma\Source\Views\ReportWindow.xaml.cs(24,13): error CS0103: The name 'reportTitle' does not exist in the current context [c:\Users\ma516\OneDrive\Desktop\Pharma\PharmaBilling.csproj]
c:\Users\ma516\OneDrive\Desktop\Pharma\Source\Views\ReportWindow.xaml.cs(25,13): error CS0103: The name 'reportGrid' does not exist in the current context [c:\Users\ma516\OneDrive\Desktop\Pharma\PharmaBilling.csproj]
c:\Users\ma516\OneDrive\Desktop\Pharma\Source\Views\ReportWindow.xaml.cs(30,13): error CS0103: The name 'reportTitle' does not exist in the current context [c:\Users\ma516\OneDrive\Desktop\Pharma\PharmaBilling.csproj]
c:\Users\ma516\OneDrive\Desktop\Pharma\Source\Views\ReportWindow.xaml.cs(31,13): error CS0103: The name 'reportGrid' does not exist in the current context [c:\Users\ma516\OneDrive\Desktop\Pharma\PharmaBilling.csproj]
c:\Users\ma516\OneDrive\Desktop\Pharma\Source\Views\InvoiceWindow.xaml.cs(43,21): error CS0103: The name 'btnPrint' does not exist in the current context [c:\Users\ma516\OneDrive\Desktop\Pharma\PharmaBilling.csproj]
c:\Users\ma516\OneDrive\Desktop\Pharma\Source\Views\InvoiceWindow.xaml.cs(53,25): error CS0103: The name 'btnPrint' does not exist in the current context [c:\Users\ma516\OneDrive\Desktop\Pharma\PharmaBilling.csproj]
c:\Users\ma516\OneDrive\Desktop\Pharma\Source\Views\ReportWindow.xaml.cs(36,13): error CS0103: The name 'reportTitle' does not exist in the current context [c:\Users\ma516\OneDrive\Desktop\Pharma\PharmaBilling.csproj]
c:\Users\ma516\OneDrive\Desktop\Pharma\Source\Views\ReportWindow.xaml.cs(37,13): error CS0103: The name 'reportGrid' does not exist in the current context [c:\Users\ma516\OneDrive\Desktop\Pharma\PharmaBilling.csproj]
c:\Users\ma516\OneDrive\Desktop\Pharma\Source\Views\ChangePasswordWindow.xaml.cs(20,30): error CS0103: The name 'txtCurrentPass' does not exist in the current context [c:\Users\ma516\OneDrive\Desktop\Pharma\PharmaBilling.csproj]
c:\Users\ma516\OneDrive\Desktop\Pharma\Source\Views\ChangePasswordWindow.xaml.cs(21,30): error CS0103: The name 'txtNewPass' does not exist in the current context [c:\Users\ma516\OneDrive\Desktop\Pharma\PharmaBilling.csproj]
c:\Users\ma516\OneDrive\Desktop\Pharma\Source\Views\ChangePasswordWindow.xaml.cs(22,30): error CS0103: The name 'txtConfirmPass' does not exist in the current context [c:\Users\ma516\OneDrive\Desktop\Pharma\PharmaBilling.csproj]
c:\Users\ma516\OneDrive\Desktop\Pharma\Source\Views\AddMedicineWindow.xaml.cs(22,13): error CS0103: The name 'txtTitle' does not exist in the current context [c:\Users\ma516\OneDrive\Desktop\Pharma\PharmaBilling.csproj]
c:\Users\ma516\OneDrive\Desktop\Pharma\Source\Views\AddMedicineWindow.xaml.cs(23,13): error CS0103: The name 'txtName' does not exist in the current context [c:\Users\ma516\OneDrive\Desktop\Pharma\PharmaBilling.csproj]
c:\Users\ma516\OneDrive\Desktop\Pharma\Source\Views\AddMedicineWindow.xaml.cs(24,13): error CS0103: The name 'cmbType' does not exist in the current context [c:\Users\ma516\OneDrive\Desktop\Pharma\PharmaBilling.csproj]
c:\Users\ma516\OneDrive\Desktop\Pharma\Source\Views\AddMedicineWindow.xaml.cs(25,13): error CS0103: The name 'txtCategory' does not exist in the current context [c:\Users\ma516\OneDrive\Desktop\Pharma\PharmaBilling.csproj]
c:\Users\ma516\OneDrive\Desktop\Pharma\Source\Views\AddMedicineWindow.xaml.cs(26,13): error CS0103: The name 'txtManufacturer' does not exist in the current context [c:\Users\ma516\OneDrive\Desktop\Pharma\PharmaBilling.csproj]
c:\Users\ma516\OneDrive\Desktop\Pharma\Source\Views\AddMedicineWindow.xaml.cs(27,13): error CS0103: The name 'txtPurchasePrice' does not exist in the current context [c:\Users\ma516\OneDrive\Desktop\Pharma\PharmaBilling.csproj]
c:\Users\ma516\OneDrive\Desktop\Pharma\Source\Views\AddMedicineWindow.xaml.cs(28,13): error CS0103: The name 'txtSalePrice' does not exist in the current context [c:\Users\ma516\OneDrive\Desktop\Pharma\PharmaBilling.csproj]
c:\Users\ma516\OneDrive\Desktop\Pharma\Source\Views\AddMedicineWindow.xaml.cs(29,13): error CS0103: The name 'txtMinStock' does not exist in the current context [c:\Users\ma516\OneDrive\Desktop\Pharma\PharmaBilling.csproj]
c:\Users\ma516\OneDrive\Desktop\Pharma\Source\Views\AddMedicineWindow.xaml.cs(30,13): error CS0103: The name 'txtInitialStock' does not exist in the current context [c:\Users\ma516\OneDrive\Desktop\Pharma\PharmaBilling.csproj]
c:\Users\ma516\OneDrive\Desktop\Pharma\Source\Views\AddMedicineWindow.xaml.cs(31,13): error CS0103: The name 'txtBatchNo' does not exist in the current context [c:\Users\ma516\OneDrive\Desktop\Pharma\PharmaBilling.csproj]
c:\Users\ma516\OneDrive\Desktop\Pharma\Source\Views\AddMedicineWindow.xaml.cs(32,13): error CS0103: The name 'txtBoxNo' does not exist in the current context [c:\Users\ma516\OneDrive\Desktop\Pharma\PharmaBilling.csproj]
c:\Users\ma516\OneDrive\Desktop\Pharma\Source\Views\AddMedicineWindow.xaml.cs(33,13): error CS0103: The name 'txtBoxSize' does not exist in the current context [c:\Users\ma516\OneDrive\Desktop\Pharma\PharmaBilling.csproj]
c:\Users\ma516\OneDrive\Desktop\Pharma\Source\Views\AddMedicineWindow.xaml.cs(34,13): error CS0103: The name 'btnSave' does not exist in the current context [c:\Users\ma516\OneDrive\Desktop\Pharma\PharmaBilling.csproj]
c:\Users\ma516\OneDrive\Desktop\Pharma\Source\Views\SearchMedicineWindow.xaml.cs(31,28): error CS0103: The name 'txtSearch' does not exist in the current context [c:\Users\ma516\OneDrive\Desktop\Pharma\PharmaBilling.csproj]
c:\Users\ma516\OneDrive\Desktop\Pharma\Source\Views\SearchMedicineWindow.xaml.cs(34,17): error CS0103: The name 'dgMedicines' does not exist in the current context [c:\Users\ma516\OneDrive\Desktop\Pharma\PharmaBilling.csproj]
c:\Users\ma516\OneDrive\Desktop\Pharma\Source\Views\SearchMedicineWindow.xaml.cs(43,17): error CS0103: The name 'dgMedicines' does not exist in the current context [c:\Users\ma516\OneDrive\Desktop\Pharma\PharmaBilling.csproj]
c:\Users\ma516\OneDrive\Desktop\Pharma\Source\Views\SearchMedicineWindow.xaml.cs(65,28): error CS0103: The name 'dgMedicines' does not exist in the current context [c:\Users\ma516\OneDrive\Desktop\Pharma\PharmaBilling.csproj]
c:\Users\ma516\OneDrive\Desktop\Pharma\Source\Views\SupplierWindow.xaml.cs(9,13): error CS0103: The name 'InitializeComponent' does not exist in the current context [c:\Users\ma516\OneDrive\Desktop\Pharma\PharmaBilling.csproj]
c:\Users\ma516\OneDrive\Desktop\Pharma\Source\Views\SaleWindow.xaml.cs(17,13): error CS0103: The name 'InitializeComponent' does not exist in the current context [c:\Users\ma516\OneDrive\Desktop\Pharma\PharmaBilling.csproj]
c:\Users\ma516\OneDrive\Desktop\Pharma\Source\Views\SearchMedicineWindow.xaml.cs(83,17): error CS0103: The name 'dgMedicines' does not exist in the current context [c:\Users\ma516\OneDrive\Desktop\Pharma\PharmaBilling.csproj]
c:\Users\ma516\OneDrive\Desktop\Pharma\Source\Views\SearchMedicineWindow.xaml.cs(84,21): error CS0103: The name 'dgMedicines' does not exist in the current context [c:\Users\ma516\OneDrive\Desktop\Pharma\PharmaBilling.csproj]
c:\Users\ma516\OneDrive\Desktop\Pharma\Source\Views\SearchMedicineWindow.xaml.cs(86,21): error CS0103: The name 'dgMedicines' does not exist in the current context [c:\Users\ma516\OneDrive\Desktop\Pharma\PharmaBilling.csproj]
c:\Users\ma516\OneDrive\Desktop\Pharma\Source\Views\AddMedicineWindow.xaml.cs(39,38): error CS0103: The name 'txtName' does not exist in the current context [c:\Users\ma516\OneDrive\Desktop\Pharma\PharmaBilling.csproj]
c:\Users\ma516\OneDrive\Desktop\Pharma\Source\Views\AddMedicineWindow.xaml.cs(49,36): error CS0103: The name 'txtName' does not exist in the current context [c:\Users\ma516\OneDrive\Desktop\Pharma\PharmaBilling.csproj]
c:\Users\ma516\OneDrive\Desktop\Pharma\Source\Views\AddMedicineWindow.xaml.cs(50,36): error CS0103: The name 'cmbType' does not exist in the current context [c:\Users\ma516\OneDrive\Desktop\Pharma\PharmaBilling.csproj]
c:\Users\ma516\OneDrive\Desktop\Pharma\Source\Views\AddMedicineWindow.xaml.cs(51,40): error CS0103: The name 'txtCategory' does not exist in the current context [c:\Users\ma516\OneDrive\Desktop\Pharma\PharmaBilling.csproj]
c:\Users\ma516\OneDrive\Desktop\Pharma\Source\Views\AddMedicineWindow.xaml.cs(52,44): error CS0103: The name 'txtManufacturer' does not exist in the current context [c:\Users\ma516\OneDrive\Desktop\Pharma\PharmaBilling.csproj]
c:\Users\ma516\OneDrive\Desktop\Pharma\Source\Views\AddMedicineWindow.xaml.cs(54,66): error CS0103: The name 'txtPurchasePrice' does not exist in the current context [c:\Users\ma516\OneDrive\Desktop\Pharma\PharmaBilling.csproj]
c:\Users\ma516\OneDrive\Desktop\Pharma\Source\Views\AddMedicineWindow.xaml.cs(54,112): error CS0103: The name 'txtPurchasePrice' does not exist in the current context [c:\Users\ma516\OneDrive\Desktop\Pharma\PharmaBilling.csproj]
c:\Users\ma516\OneDrive\Desktop\Pharma\Source\Views\AddMedicineWindow.xaml.cs(55,62): error CS0103: The name 'txtSalePrice' does not exist in the current context [c:\Users\ma516\OneDrive\Desktop\Pharma\PharmaBilling.csproj]
c:\Users\ma516\OneDrive\Desktop\Pharma\Source\Views\AddMedicineWindow.xaml.cs(55,104): error CS0103: The name 'txtSalePrice' does not exist in the current context [c:\Users\ma516\OneDrive\Desktop\Pharma\PharmaBilling.csproj]
c:\Users\ma516\OneDrive\Desktop\Pharma\Source\Views\AddMedicineWindow.xaml.cs(56,61): error CS0103: The name 'txtMinStock' does not exist in the current context [c:\Users\ma516\OneDrive\Desktop\Pharma\PharmaBilling.csproj]
c:\Users\ma516\OneDrive\Desktop\Pharma\Source\Views\AddMedicineWindow.xaml.cs(56,102): error CS0103: The name 'txtMinStock' does not exist in the current context [c:\Users\ma516\OneDrive\Desktop\Pharma\PharmaBilling.csproj]
c:\Users\ma516\OneDrive\Desktop\Pharma\Source\Views\AddMedicineWindow.xaml.cs(57,63): error CS0103: The name 'txtInitialStock' does not exist in the current context [c:\Users\ma516\OneDrive\Desktop\Pharma\PharmaBilling.csproj]
c:\Users\ma516\OneDrive\Desktop\Pharma\Source\Views\AddMedicineWindow.xaml.cs(57,107): error CS0103: The name 'txtInitialStock' does not exist in the current context [c:\Users\ma516\OneDrive\Desktop\Pharma\PharmaBilling.csproj]
c:\Users\ma516\OneDrive\Desktop\Pharma\Source\Views\AddMedicineWindow.xaml.cs(58,39): error CS0103: The name 'txtBatchNo' does not exist in the current context [c:\Users\ma516\OneDrive\Desktop\Pharma\PharmaBilling.csproj]
c:\Users\ma516\OneDrive\Desktop\Pharma\Source\Views\AddMedicineWindow.xaml.cs(59,37): error CS0103: The name 'txtBoxNo' does not exist in the current context [c:\Users\ma516\OneDrive\Desktop\Pharma\PharmaBilling.csproj]
c:\Users\ma516\OneDrive\Desktop\Pharma\Source\Views\AddMedicineWindow.xaml.cs(60,52): error CS0103: The name 'txtBoxSize' does not exist in the current context [c:\Users\ma516\OneDrive\Desktop\Pharma\PharmaBilling.csproj]
c:\Users\ma516\OneDrive\Desktop\Pharma\Source\ViewModels\SaleViewModel.cs(311,18): warning CS0219: The variable 'customerId' is assigned but its value is never used [c:\Users\ma516\OneDrive\Desktop\Pharma\PharmaBilling.csproj]
c:\Users\ma516\OneDrive\Desktop\Pharma\Source\Views\AddMedicineWindow.xaml.cs(11,22): warning CS0414: The field 'AddMedicineWindow._isEdit' is assigned but its value is never used [c:\Users\ma516\OneDrive\Desktop\Pharma\PharmaBilling.csproj]

Build FAILED.

c:\Users\ma516\OneDrive\Desktop\Pharma\Source\ViewModels\SaleViewModel.cs(311,18): warning CS0219: The variable 'customerId' is assigned but its value is never used [c:\Users\ma516\OneDrive\Desktop\Pharma\PharmaBilling.csproj]
c:\Users\ma516\OneDrive\Desktop\Pharma\Source\Views\AddMedicineWindow.xaml.cs(11,22): warning CS0414: The field 'AddMedicineWindow._isEdit' is assigned but its value is never used [c:\Users\ma516\OneDrive\Desktop\Pharma\PharmaBilling.csproj]
CSC : error CS5001: Program does not contain a static 'Main' method suitable for an entry point [c:\Users\ma516\OneDrive\Desktop\Pharma\PharmaBilling.csproj]
c:\Users\ma516\OneDrive\Desktop\Pharma\MainWindow.xaml.cs(13,13): error CS0103: The name 'InitializeComponent' does not exist in the current context [c:\Users\ma516\OneDrive\Desktop\Pharma\PharmaBilling.csproj]
c:\Users\ma516\OneDrive\Desktop\Pharma\Source\Views\AddMedicineWindow.xaml.cs(15,13): error CS0103: The name 'InitializeComponent' does not exist in the current context [c:\Users\ma516\OneDrive\Desktop\Pharma\PharmaBilling.csproj]
c:\Users\ma516\OneDrive\Desktop\Pharma\Source\Views\DashboardWindow.xaml.cs(10,13): error CS0103: The name 'InitializeComponent' does not exist in the current context [c:\Users\ma516\OneDrive\Desktop\Pharma\PharmaBilling.csproj]
c:\Users\ma516\OneDrive\Desktop\Pharma\Source\Views\LoginWindow.xaml.cs(12,13): error CS0103: The name 'InitializeComponent' does not exist in the current context [c:\Users\ma516\OneDrive\Desktop\Pharma\PharmaBilling.csproj]
c:\Users\ma516\OneDrive\Desktop\Pharma\Source\Views\MedicineWindow.xaml.cs(14,13): error CS0103: The name 'InitializeComponent' does not exist in the current context [c:\Users\ma516\OneDrive\Desktop\Pharma\PharmaBilling.csproj]
c:\Users\ma516\OneDrive\Desktop\Pharma\Source\Views\SearchMedicineWindow.xaml.cs(18,13): error CS0103: The name 'InitializeComponent' does not exist in the current context [c:\Users\ma516\OneDrive\Desktop\Pharma\PharmaBilling.csproj]
c:\Users\ma516\OneDrive\Desktop\Pharma\Source\Views\SearchMedicineWindow.xaml.cs(20,13): error CS0103: The name 'dgMedicines' does not exist in the current context [c:\Users\ma516\OneDrive\Desktop\Pharma\PharmaBilling.csproj]
c:\Users\ma516\OneDrive\Desktop\Pharma\Source\Views\SearchMedicineWindow.xaml.cs(21,13): error CS0103: The name 'txtSearch' does not exist in the current context [c:\Users\ma516\OneDrive\Desktop\Pharma\PharmaBilling.csproj]
c:\Users\ma516\OneDrive\Desktop\Pharma\Source\Views\InvoiceWindow.xaml.cs(16,17): error CS0103: The name 'InitializeComponent' does not exist in the current context [c:\Users\ma516\OneDrive\Desktop\Pharma\PharmaBilling.csproj]
c:\Users\ma516\OneDrive\Desktop\Pharma\Source\Views\InvoiceWindow.xaml.cs(18,17): error CS0103: The name 'lblCustomerName' does not exist in the current context [c:\Users\ma516\OneDrive\Desktop\Pharma\PharmaBilling.csproj]
c:\Users\ma516\OneDrive\Desktop\Pharma\Source\Views\InvoiceWindow.xaml.cs(19,17): error CS0103: The name 'lblContact' does not exist in the current context [c:\Users\ma516\OneDrive\Desktop\Pharma\PharmaBilling.csproj]
c:\Users\ma516\OneDrive\Desktop\Pharma\Source\Views\InvoiceWindow.xaml.cs(20,17): error CS0103: The name 'lblInvoiceDate' does not exist in the current context [c:\Users\ma516\OneDrive\Desktop\Pharma\PharmaBilling.csproj]
c:\Users\ma516\OneDrive\Desktop\Pharma\Source\Views\InvoiceWindow.xaml.cs(21,17): error CS0103: The name 'lblInvoiceID' does not exist in the current context [c:\Users\ma516\OneDrive\Desktop\Pharma\PharmaBilling.csproj]
c:\Users\ma516\OneDrive\Desktop\Pharma\Source\Views\InvoiceWindow.xaml.cs(23,17): error CS0103: The name 'dgItems' does not exist in the current context [c:\Users\ma516\OneDrive\Desktop\Pharma\PharmaBilling.csproj]
c:\Users\ma516\OneDrive\Desktop\Pharma\Source\Views\InvoiceWindow.xaml.cs(25,17): error CS0103: The name 'lblGrossTotal' does not exist in the current context [c:\Users\ma516\OneDrive\Desktop\Pharma\PharmaBilling.csproj]
c:\Users\ma516\OneDrive\Desktop\Pharma\Source\Views\InvoiceWindow.xaml.cs(26,17): error CS0103: The name 'lblDiscount' does not exist in the current context [c:\Users\ma516\OneDrive\Desktop\Pharma\PharmaBilling.csproj]
c:\Users\ma516\OneDrive\Desktop\Pharma\Source\Views\InvoiceWindow.xaml.cs(27,17): error CS0103: The name 'lblGrandTotal' does not exist in the current context [c:\Users\ma516\OneDrive\Desktop\Pharma\PharmaBilling.csproj]
c:\Users\ma516\OneDrive\Desktop\Pharma\Source\Views\LoginWindow.xaml.cs(19,31): error CS0103: The name 'txtUsername' does not exist in the current context [c:\Users\ma516\OneDrive\Desktop\Pharma\PharmaBilling.csproj]
c:\Users\ma516\OneDrive\Desktop\Pharma\Source\Views\LoginWindow.xaml.cs(20,31): error CS0103: The name 'txtPassword' does not exist in the current context [c:\Users\ma516\OneDrive\Desktop\Pharma\PharmaBilling.csproj]
c:\Users\ma516\OneDrive\Desktop\Pharma\Source\Views\CustomerWindow.xaml.cs(9,13): error CS0103: The name 'InitializeComponent' does not exist in the current context [c:\Users\ma516\OneDrive\Desktop\Pharma\PharmaBilling.csproj]
c:\Users\ma516\OneDrive\Desktop\Pharma\Source\Views\AccountingWindow.xaml.cs(11,13): error CS0103: The name 'InitializeComponent' does not exist in the current context [c:\Users\ma516\OneDrive\Desktop\Pharma\PharmaBilling.csproj]
c:\Users\ma516\OneDrive\Desktop\Pharma\Source\Views\AccountingWindow.xaml.cs(13,13): error CS0103: The name 'accountingGrid' does not exist in the current context [c:\Users\ma516\OneDrive\Desktop\Pharma\PharmaBilling.csproj]
c:\Users\ma516\OneDrive\Desktop\Pharma\Source\Views\ReportWindow.xaml.cs(12,13): error CS0103: The name 'InitializeComponent' does not exist in the current context [c:\Users\ma516\OneDrive\Desktop\Pharma\PharmaBilling.csproj]
c:\Users\ma516\OneDrive\Desktop\Pharma\Source\Views\ChangePasswordWindow.xaml.cs(14,13): error CS0103: The name 'InitializeComponent' does not exist in the current context [c:\Users\ma516\OneDrive\Desktop\Pharma\PharmaBilling.csproj]
c:\Users\ma516\OneDrive\Desktop\Pharma\Source\Views\PurchaseWindow.xaml.cs(9,13): error CS0103: The name 'InitializeComponent' does not exist in the current context [c:\Users\ma516\OneDrive\Desktop\Pharma\PharmaBilling.csproj]
c:\Users\ma516\OneDrive\Desktop\Pharma\Source\Views\ReportWindow.xaml.cs(18,13): error CS0103: The name 'reportTitle' does not exist in the current context [c:\Users\ma516\OneDrive\Desktop\Pharma\PharmaBilling.csproj]
c:\Users\ma516\OneDrive\Desktop\Pharma\Source\Views\ReportWindow.xaml.cs(19,13): error CS0103: The name 'reportGrid' does not exist in the current context [c:\Users\ma516\OneDrive\Desktop\Pharma\PharmaBilling.csproj]
c:\Users\ma516\OneDrive\Desktop\Pharma\Source\Views\DashboardWindow.xaml.cs(17,21): error CS0103: The name 'sideMenu' does not exist in the current context [c:\Users\ma516\OneDrive\Desktop\Pharma\PharmaBilling.csproj]
c:\Users\ma516\OneDrive\Desktop\Pharma\Source\Views\DashboardWindow.xaml.cs(17,41): error CS0103: The name 'sideMenu' does not exist in the current context [c:\Users\ma516\OneDrive\Desktop\Pharma\PharmaBilling.csproj]
c:\Users\ma516\OneDrive\Desktop\Pharma\Source\Views\DashboardWindow.xaml.cs(19,28): error CS0103: The name 'sideMenu' does not exist in the current context [c:\Users\ma516\OneDrive\Desktop\Pharma\PharmaBilling.csproj]
c:\Users\ma516\OneDrive\Desktop\Pharma\Source\Views\ReportWindow.xaml.cs(24,13): error CS0103: The name 'reportTitle' does not exist in the current context [c:\Users\ma516\OneDrive\Desktop\Pharma\PharmaBilling.csproj]
c:\Users\ma516\OneDrive\Desktop\Pharma\Source\Views\ReportWindow.xaml.cs(25,13): error CS0103: The name 'reportGrid' does not exist in the current context [c:\Users\ma516\OneDrive\Desktop\Pharma\PharmaBilling.csproj]
c:\Users\ma516\OneDrive\Desktop\Pharma\Source\Views\ReportWindow.xaml.cs(30,13): error CS0103: The name 'reportTitle' does not exist in the current context [c:\Users\ma516\OneDrive\Desktop\Pharma\PharmaBilling.csproj]
c:\Users\ma516\OneDrive\Desktop\Pharma\Source\Views\ReportWindow.xaml.cs(31,13): error CS0103: The name 'reportGrid' does not exist in the current context [c:\Users\ma516\OneDrive\Desktop\Pharma\PharmaBilling.csproj]
c:\Users\ma516\OneDrive\Desktop\Pharma\Source\Views\InvoiceWindow.xaml.cs(43,21): error CS0103: The name 'btnPrint' does not exist in the current context [c:\Users\ma516\OneDrive\Desktop\Pharma\PharmaBilling.csproj]
c:\Users\ma516\OneDrive\Desktop\Pharma\Source\Views\InvoiceWindow.xaml.cs(53,25): error CS0103: The name 'btnPrint' does not exist in the current context [c:\Users\ma516\OneDrive\Desktop\Pharma\PharmaBilling.csproj]
c:\Users\ma516\OneDrive\Desktop\Pharma\Source\Views\ReportWindow.xaml.cs(36,13): error CS0103: The name 'reportTitle' does not exist in the current context [c:\Users\ma516\OneDrive\Desktop\Pharma\PharmaBilling.csproj]
c:\Users\ma516\OneDrive\Desktop\Pharma\Source\Views\ReportWindow.xaml.cs(37,13): error CS0103: The name 'reportGrid' does not exist in the current context [c:\Users\ma516\OneDrive\Desktop\Pharma\PharmaBilling.csproj]
c:\Users\ma516\OneDrive\Desktop\Pharma\Source\Views\ChangePasswordWindow.xaml.cs(20,30): error CS0103: The name 'txtCurrentPass' does not exist in the current context [c:\Users\ma516\OneDrive\Desktop\Pharma\PharmaBilling.csproj]
c:\Users\ma516\OneDrive\Desktop\Pharma\Source\Views\ChangePasswordWindow.xaml.cs(21,30): error CS0103: The name 'txtNewPass' does not exist in the current context [c:\Users\ma516\OneDrive\Desktop\Pharma\PharmaBilling.csproj]
c:\Users\ma516\OneDrive\Desktop\Pharma\Source\Views\ChangePasswordWindow.xaml.cs(22,30): error CS0103: The name 'txtConfirmPass' does not exist in the current context [c:\Users\ma516\OneDrive\Desktop\Pharma\PharmaBilling.csproj]
c:\Users\ma516\OneDrive\Desktop\Pharma\Source\Views\AddMedicineWindow.xaml.cs(22,13): error CS0103: The name 'txtTitle' does not exist in the current context [c:\Users\ma516\OneDrive\Desktop\Pharma\PharmaBilling.csproj]
c:\Users\ma516\OneDrive\Desktop\Pharma\Source\Views\AddMedicineWindow.xaml.cs(23,13): error CS0103: The name 'txtName' does not exist in the current context [c:\Users\ma516\OneDrive\Desktop\Pharma\PharmaBilling.csproj]
c:\Users\ma516\OneDrive\Desktop\Pharma\Source\Views\AddMedicineWindow.xaml.cs(24,13): error CS0103: The name 'cmbType' does not exist in the current context [c:\Users\ma516\OneDrive\Desktop\Pharma\PharmaBilling.csproj]
c:\Users\ma516\OneDrive\Desktop\Pharma\Source\Views\AddMedicineWindow.xaml.cs(25,13): error CS0103: The name 'txtCategory' does not exist in the current context [c:\Users\ma516\OneDrive\Desktop\Pharma\PharmaBilling.csproj]
c:\Users\ma516\OneDrive\Desktop\Pharma\Source\Views\AddMedicineWindow.xaml.cs(26,13): error CS0103: The name 'txtManufacturer' does not exist in the current context [c:\Users\ma516\OneDrive\Desktop\Pharma\PharmaBilling.csproj]
c:\Users\ma516\OneDrive\Desktop\Pharma\Source\Views\AddMedicineWindow.xaml.cs(27,13): error CS0103: The name 'txtPurchasePrice' does not exist in the current context [c:\Users\ma516\OneDrive\Desktop\Pharma\PharmaBilling.csproj]
c:\Users\ma516\OneDrive\Desktop\Pharma\Source\Views\AddMedicineWindow.xaml.cs(28,13): error CS0103: The name 'txtSalePrice' does not exist in the current context [c:\Users\ma516\OneDrive\Desktop\Pharma\PharmaBilling.csproj]
c:\Users\ma516\OneDrive\Desktop\Pharma\Source\Views\AddMedicineWindow.xaml.cs(29,13): error CS0103: The name 'txtMinStock' does not exist in the current context [c:\Users\ma516\OneDrive\Desktop\Pharma\PharmaBilling.csproj]
c:\Users\ma516\OneDrive\Desktop\Pharma\Source\Views\AddMedicineWindow.xaml.cs(30,13): error CS0103: The name 'txtInitialStock' does not exist in the current context [c:\Users\ma516\OneDrive\Desktop\Pharma\PharmaBilling.csproj]
c:\Users\ma516\OneDrive\Desktop\Pharma\Source\Views\AddMedicineWindow.xaml.cs(31,13): error CS0103: The name 'txtBatchNo' does not exist in the current context [c:\Users\ma516\OneDrive\Desktop\Pharma\PharmaBilling.csproj]
c:\Users\ma516\OneDrive\Desktop\Pharma\Source\Views\AddMedicineWindow.xaml.cs(32,13): error CS0103: The name 'txtBoxNo' does not exist in the current context [c:\Users\ma516\OneDrive\Desktop\Pharma\PharmaBilling.csproj]
c:\Users\ma516\OneDrive\Desktop\Pharma\Source\Views\AddMedicineWindow.xaml.cs(33,13): error CS0103: The name 'txtBoxSize' does not exist in the current context [c:\Users\ma516\OneDrive\Desktop\Pharma\PharmaBilling.csproj]
c:\Users\ma516\OneDrive\Desktop\Pharma\Source\Views\AddMedicineWindow.xaml.cs(34,13): error CS0103: The name 'btnSave' does not exist in the current context [c:\Users\ma516\OneDrive\Desktop\Pharma\PharmaBilling.csproj]
c:\Users\ma516\OneDrive\Desktop\Pharma\Source\Views\SearchMedicineWindow.xaml.cs(31,28): error CS0103: The name 'txtSearch' does not exist in the current context [c:\Users\ma516\OneDrive\Desktop\Pharma\PharmaBilling.csproj]
c:\Users\ma516\OneDrive\Desktop\Pharma\Source\Views\SearchMedicineWindow.xaml.cs(34,17): error CS0103: The name 'dgMedicines' does not exist in the current context [c:\Users\ma516\OneDrive\Desktop\Pharma\PharmaBilling.csproj]
c:\Users\ma516\OneDrive\Desktop\Pharma\Source\Views\SearchMedicineWindow.xaml.cs(43,17): error CS0103: The name 'dgMedicines' does not exist in the current context [c:\Users\ma516\OneDrive\Desktop\Pharma\PharmaBilling.csproj]
c:\Users\ma516\OneDrive\Desktop\Pharma\Source\Views\SearchMedicineWindow.xaml.cs(65,28): error CS0103: The name 'dgMedicines' does not exist in the current context [c:\Users\ma516\OneDrive\Desktop\Pharma\PharmaBilling.csproj]
c:\Users\ma516\OneDrive\Desktop\Pharma\Source\Views\SupplierWindow.xaml.cs(9,13): error CS0103: The name 'InitializeComponent' does not exist in the current context [c:\Users\ma516\OneDrive\Desktop\Pharma\PharmaBilling.csproj]
c:\Users\ma516\OneDrive\Desktop\Pharma\Source\Views\SaleWindow.xaml.cs(17,13): error CS0103: The name 'InitializeComponent' does not exist in the current context [c:\Users\ma516\OneDrive\Desktop\Pharma\PharmaBilling.csproj]
c:\Users\ma516\OneDrive\Desktop\Pharma\Source\Views\SearchMedicineWindow.xaml.cs(83,17): error CS0103: The name 'dgMedicines' does not exist in the current context [c:\Users\ma516\OneDrive\Desktop\Pharma\PharmaBilling.csproj]
c:\Users\ma516\OneDrive\Desktop\Pharma\Source\Views\SearchMedicineWindow.xaml.cs(84,21): error CS0103: The name 'dgMedicines' does not exist in the current context [c:\Users\ma516\OneDrive\Desktop\Pharma\PharmaBilling.csproj]
c:\Users\ma516\OneDrive\Desktop\Pharma\Source\Views\SearchMedicineWindow.xaml.cs(86,21): error CS0103: The name 'dgMedicines' does not exist in the current context [c:\Users\ma516\OneDrive\Desktop\Pharma\PharmaBilling.csproj]
c:\Users\ma516\OneDrive\Desktop\Pharma\Source\Views\AddMedicineWindow.xaml.cs(39,38): error CS0103: The name 'txtName' does not exist in the current context [c:\Users\ma516\OneDrive\Desktop\Pharma\PharmaBilling.csproj]
c:\Users\ma516\OneDrive\Desktop\Pharma\Source\Views\AddMedicineWindow.xaml.cs(49,36): error CS0103: The name 'txtName' does not exist in the current context [c:\Users\ma516\OneDrive\Desktop\Pharma\PharmaBilling.csproj]
c:\Users\ma516\OneDrive\Desktop\Pharma\Source\Views\AddMedicineWindow.xaml.cs(50,36): error CS0103: The name 'cmbType' does not exist in the current context [c:\Users\ma516\OneDrive\Desktop\Pharma\PharmaBilling.csproj]
c:\Users\ma516\OneDrive\Desktop\Pharma\Source\Views\AddMedicineWindow.xaml.cs(51,40): error CS0103: The name 'txtCategory' does not exist in the current context [c:\Users\ma516\OneDrive\Desktop\Pharma\PharmaBilling.csproj]
c:\Users\ma516\OneDrive\Desktop\Pharma\Source\Views\AddMedicineWindow.xaml.cs(52,44): error CS0103: The name 'txtManufacturer' does not exist in the current context [c:\Users\ma516\OneDrive\Desktop\Pharma\PharmaBilling.csproj]
c:\Users\ma516\OneDrive\Desktop\Pharma\Source\Views\AddMedicineWindow.xaml.cs(54,66): error CS0103: The name 'txtPurchasePrice' does not exist in the current context [c:\Users\ma516\OneDrive\Desktop\Pharma\PharmaBilling.csproj]
c:\Users\ma516\OneDrive\Desktop\Pharma\Source\Views\AddMedicineWindow.xaml.cs(54,112): error CS0103: The name 'txtPurchasePrice' does not exist in the current context [c:\Users\ma516\OneDrive\Desktop\Pharma\PharmaBilling.csproj]
c:\Users\ma516\OneDrive\Desktop\Pharma\Source\Views\AddMedicineWindow.xaml.cs(55,62): error CS0103: The name 'txtSalePrice' does not exist in the current context [c:\Users\ma516\OneDrive\Desktop\Pharma\PharmaBilling.csproj]
c:\Users\ma516\OneDrive\Desktop\Pharma\Source\Views\AddMedicineWindow.xaml.cs(55,104): error CS0103: The name 'txtSalePrice' does not exist in the current context [c:\Users\ma516\OneDrive\Desktop\Pharma\PharmaBilling.csproj]
c:\Users\ma516\OneDrive\Desktop\Pharma\Source\Views\AddMedicineWindow.xaml.cs(56,61): error CS0103: The name 'txtMinStock' does not exist in the current context [c:\Users\ma516\OneDrive\Desktop\Pharma\PharmaBilling.csproj]
c:\Users\ma516\OneDrive\Desktop\Pharma\Source\Views\AddMedicineWindow.xaml.cs(56,102): error CS0103: The name 'txtMinStock' does not exist in the current context [c:\Users\ma516\OneDrive\Desktop\Pharma\PharmaBilling.csproj]
c:\Users\ma516\OneDrive\Desktop\Pharma\Source\Views\AddMedicineWindow.xaml.cs(57,63): error CS0103: The name 'txtInitialStock' does not exist in the current context [c:\Users\ma516\OneDrive\Desktop\Pharma\PharmaBilling.csproj]
c:\Users\ma516\OneDrive\Desktop\Pharma\Source\Views\AddMedicineWindow.xaml.cs(57,107): error CS0103: The name 'txtInitialStock' does not exist in the current context [c:\Users\ma516\OneDrive\Desktop\Pharma\PharmaBilling.csproj]
c:\Users\ma516\OneDrive\Desktop\Pharma\Source\Views\AddMedicineWindow.xaml.cs(58,39): error CS0103: The name 'txtBatchNo' does not exist in the current context [c:\Users\ma516\OneDrive\Desktop\Pharma\PharmaBilling.csproj]
c:\Users\ma516\OneDrive\Desktop\Pharma\Source\Views\AddMedicineWindow.xaml.cs(59,37): error CS0103: The name 'txtBoxNo' does not exist in the current context [c:\Users\ma516\OneDrive\Desktop\Pharma\PharmaBilling.csproj]
c:\Users\ma516\OneDrive\Desktop\Pharma\Source\Views\AddMedicineWindow.xaml.cs(60,52): error CS0103: The name 'txtBoxSize' does not exist in the current context [c:\Users\ma516\OneDrive\Desktop\Pharma\PharmaBilling.csproj]
    2 Warning(s)
    80 Error(s)

Time Elapsed 00:00:01.15
